Removed Pin From Net: NetName=NetIC1_9 Pin=R1-1
Change Component Footprint: Designator=R1 Old Footprint=0603 New Footprint=0805
Change Component Footprint: Designator=R2 Old Footprint=0603 New Footprint=0805
Change Component Footprint: Designator=R3 Old Footprint=0603 New Footprint=0805
Change Component Footprint: Designator=C2 Old Footprint=0603 New Footprint=1206
Change Component Comment : Designator=R1 Old Comment=340k New Comment=10k
Added Component: Designator=C3(DIP_Electrolytic_Capacitor)
Add component (AddParameter): Name = "PackageDescription"; Value = "Capacitor; 2 Leads"; VariantName = "[No Variations]"
Add component (AddParameter): Name = "PackageReference"; Value = "CAPR5-4X5"; VariantName = "[No Variations]"
Add component (AddParameter): Name = "Published"; Value = "23-Sep-2002"; VariantName = "[No Variations]"
Add component (AddParameter): Name = "Publisher"; Value = "Altium Limited"; VariantName = "[No Variations]"
Add component (AddParameter): Name = "Value"; Value = "100nF"; VariantName = "[No Variations]"
Added Component: Designator=J1(Header 2.54mm 2Pos 1Row)
Add component (AddParameter): Name = "LatestRevisionDate"; Value = "17-Jul-2002"; VariantName = "[No Variations]"
Add component (AddParameter): Name = "LatestRevisionNote"; Value = "Re-released for DXP Platform."; VariantName = "[No Variations]"
Add component (AddParameter): Name = "Publisher"; Value = "Altium Limited"; VariantName = "[No Variations]"
Added Component: Designator=J2(Header 2.54mm 2Pos 1Row)
Add component (AddParameter): Name = "LatestRevisionDate"; Value = "17-Jul-2002"; VariantName = "[No Variations]"
Add component (AddParameter): Name = "LatestRevisionNote"; Value = "Re-released for DXP Platform."; VariantName = "[No Variations]"
Add component (AddParameter): Name = "Publisher"; Value = "Altium Limited"; VariantName = "[No Variations]"
Added Component: Designator=L1(CDRH6D)
Add component (AddParameter): Name = "Availability"; Value = "Unavailable"; VariantName = "[No Variations]"
Add component (AddParameter): Name = "Check_prices"; Value = "https://www.digikey.pt/en/products/detail/sumida-america-inc/CDRH6D38NP-100NC/1207151?curr=usd&utm_campaign=buynow&utm_medium=aggregator&utm_source=octopart"; VariantName = "[No Variations]"
Add component (AddParameter): Name = "MF"; Value = "Sumida America"; VariantName = "[No Variations]"
Add component (AddParameter): Name = "MP"; Value = "CDRH6D38"; VariantName = "[No Variations]"
Add component (AddParameter): Name = "Package"; Value = "Nonstandard Sumida America"; VariantName = "[No Variations]"
Add component (AddParameter): Name = "Price"; Value = "None"; VariantName = "[No Variations]"
Add component (AddParameter): Name = "Value"; Value = ""; VariantName = "[No Variations]"
Added Component: Designator=R4(0805)
Added Pin To Net: NetName=+3V3 Pin=C3-1
Added Pin To Net: NetName=GND Pin=C3-2
Added Pin To Net: NetName=GND Pin=J1-1
Added Pin To Net: NetName=+3V3 Pin=J1-2
Added Pin To Net: NetName=GND Pin=J2-1
Added Pin To Net: NetName=+BAT Pin=J2-2
Added Pin To Net: NetName=NetIC1_9 Pin=R4-1
Added Pin To Net: NetName=NetIC1_3 Pin=IC1-3
Added Pin To Net: NetName=NetIC1_3 Pin=L1-1
Added Net: Name=NetIC1_3
Added Pin To Net: NetName=NetIC1_4 Pin=IC1-4
Added Pin To Net: NetName=NetIC1_4 Pin=L1-2
Added Net: Name=NetIC1_4
Added Pin To Net: NetName=NetR1_1 Pin=R1-1
Added Pin To Net: NetName=NetR1_1 Pin=R4-2
Added Net: Name=NetR1_1
Added Member To Class: ClassName=GSv1_schematic Member=Component C3 DIP - Electrolytic Capacitor
Added Member To Class: ClassName=GSv1_schematic Member=Component J1 J - Header 2.54mm 2Pos 1Row
Added Member To Class: ClassName=GSv1_schematic Member=Component J2 J - Header 2.54mm 2Pos 1Row
Added Member To Class: ClassName=GSv1_schematic Member=Component L1 10uH
Added Member To Class: ClassName=GSv1_schematic Member=Component R4 330k
Added Room: Name=GSv1_schematic
