Added Component: Designator=C1(0603)
Added Component: Designator=C2(0603)
Added Component: Designator=C5(0603)
Added Component: Designator=IC1(MSOP-10)
Add component (AddParameter): Name = "Availability"; Value = "In Stock"; VariantName = "[No Variations]"
Add component (AddParameter): Name = "Check_prices"; Value = "https://www.snapeda.com/parts/LTC3440EMS%23TRPBF/Analog+Devices/view-part/?ref=eda"; VariantName = "[No Variations]"
Add component (AddParameter): Name = "MF"; Value = "Analog Devices"; VariantName = "[No Variations]"
Add component (AddParameter): Name = "MP"; Value = "LTC3440EMS#TRPBF"; VariantName = "[No Variations]"
Add component (AddParameter): Name = "Package"; Value = "MSOP-10 Analog Devices"; VariantName = "[No Variations]"
Add component (AddParameter): Name = "Price"; Value = "None"; VariantName = "[No Variations]"
Add component (AddParameter): Name = "Purchase-URL"; Value = "https://pricing.snapeda.com/search/part/LTC3440EMS#TRPBF/?ref=eda"; VariantName = "[No Variations]"
Add component (AddParameter): Name = "SnapEDA_Link"; Value = "https://www.snapeda.com/parts/LTC3440EMS%23TRPBF/Analog+Devices/view-part/?ref=snap"; VariantName = "[No Variations]"
Add component (AddParameter): Name = "Value"; Value = ""; VariantName = "[No Variations]"
Added Component: Designator=R1(0603)
Added Component: Designator=R2(0603)
Added Component: Designator=R3(0603)
Added Component: Designator=RT(0603)
Added Component: Designator=U2(MODULE LoRa Ra-02 Ai Thinker_separate rows)
Added Component: Designator=U3(MODULE_DM-OLED096-636)
Added Pin To Net: NetName=+3V3 Pin=C2-2
Added Pin To Net: NetName=+3V3 Pin=IC1-6
Added Pin To Net: NetName=+3V3 Pin=R1-2
Added Pin To Net: NetName=+3V3 Pin=U1-J1_1
Added Pin To Net: NetName=+3V3 Pin=U1-J1_2
Added Pin To Net: NetName=+3V3 Pin=U2-3
Added Pin To Net: NetName=+3V3 Pin=U3-2
Added Net: Name=+3V3
Added Pin To Net: NetName=+BAT Pin=C1-2
Added Pin To Net: NetName=+BAT Pin=IC1-7
Added Pin To Net: NetName=+BAT Pin=IC1-8
Added Net: Name=+BAT
Added Pin To Net: NetName=GND Pin=C1-1
Added Pin To Net: NetName=GND Pin=C2-1
Added Pin To Net: NetName=GND Pin=IC1-5
Added Pin To Net: NetName=GND Pin=R2-1
Added Pin To Net: NetName=GND Pin=RT-1
Added Pin To Net: NetName=GND Pin=U1-J1_22
Added Pin To Net: NetName=GND Pin=U1-J3_1
Added Pin To Net: NetName=GND Pin=U1-J3_21
Added Pin To Net: NetName=GND Pin=U1-J3_22
Added Pin To Net: NetName=GND Pin=U2-1
Added Pin To Net: NetName=GND Pin=U2-2
Added Pin To Net: NetName=GND Pin=U2-9
Added Pin To Net: NetName=GND Pin=U2-16
Added Pin To Net: NetName=GND Pin=U3-1
Added Net: Name=GND
Added Pin To Net: NetName=NetC5_1 Pin=C5-1
Added Pin To Net: NetName=NetC5_1 Pin=R3-1
Added Net: Name=NetC5_1
Added Pin To Net: NetName=NetC5_2 Pin=C5-2
Added Pin To Net: NetName=NetC5_2 Pin=IC1-10
Added Net: Name=NetC5_2
Added Pin To Net: NetName=NetIC1_1 Pin=IC1-1
Added Pin To Net: NetName=NetIC1_1 Pin=RT-2
Added Net: Name=NetIC1_1
Added Pin To Net: NetName=NetIC1_9 Pin=IC1-9
Added Pin To Net: NetName=NetIC1_9 Pin=R1-1
Added Pin To Net: NetName=NetIC1_9 Pin=R2-2
Added Pin To Net: NetName=NetIC1_9 Pin=R3-2
Added Net: Name=NetIC1_9
Added Pin To Net: NetName=NetU1_J1_6 Pin=U1-J1_6
Added Pin To Net: NetName=NetU1_J1_6 Pin=U2-5
Added Net: Name=NetU1_J1_6
Added Pin To Net: NetName=NetU1_J1_10 Pin=U1-J1_10
Added Pin To Net: NetName=NetU1_J1_10 Pin=U3-4
Added Net: Name=NetU1_J1_10
Added Pin To Net: NetName=NetU1_J1_11 Pin=U1-J1_11
Added Pin To Net: NetName=NetU1_J1_11 Pin=U3-3
Added Net: Name=NetU1_J1_11
Added Pin To Net: NetName=NetU1_J1_12 Pin=U1-J1_12
Added Pin To Net: NetName=NetU1_J1_12 Pin=U2-10
Added Net: Name=NetU1_J1_12
Added Pin To Net: NetName=NetU1_J1_15 Pin=U1-J1_15
Added Pin To Net: NetName=NetU1_J1_15 Pin=U2-13
Added Net: Name=NetU1_J1_15
Added Pin To Net: NetName=NetU1_J1_16 Pin=U1-J1_16
Added Pin To Net: NetName=NetU1_J1_16 Pin=U2-11
Added Net: Name=NetU1_J1_16
Added Pin To Net: NetName=NetU1_J1_17 Pin=U1-J1_17
Added Pin To Net: NetName=NetU1_J1_17 Pin=U2-12
Added Net: Name=NetU1_J1_17
Added Pin To Net: NetName=NetU1_J1_18 Pin=U1-J1_18
Added Pin To Net: NetName=NetU1_J1_18 Pin=U2-4
Added Net: Name=NetU1_J1_18
Added Pin To Net: NetName=NetU1_J1_20 Pin=U1-J1_20
Added Pin To Net: NetName=NetU1_J1_20 Pin=U2-6
Added Net: Name=NetU1_J1_20
Added Member To Class: ClassName=GSv1_schematic Member=Component C1 10uF
Added Member To Class: ClassName=GSv1_schematic Member=Component C2 22uF
Added Member To Class: ClassName=GSv1_schematic Member=Component C5 1.5nF
Added Member To Class: ClassName=GSv1_schematic Member=Component IC1 IC - LTC3440EMS
Added Member To Class: ClassName=GSv1_schematic Member=Component R1 340k
Added Member To Class: ClassName=GSv1_schematic Member=Component R2 200k
Added Member To Class: ClassName=GSv1_schematic Member=Component R3 15k
Added Member To Class: ClassName=GSv1_schematic Member=Component RT 60.4k
Added Member To Class: ClassName=GSv1_schematic Member=Component U2 Module - LoRa Ra-02 Ai-Thinker
Added Member To Class: ClassName=GSv1_schematic Member=Component U3 Module - OLED Display 096
