Removed Pin From Net: NetName=+BAT Pin=U4-1
Removed Pin From Net: NetName=GND Pin=U4-2
Removed Pin From Net: NetName=+BAT Pin=U4-3
Removed Pin From Net: NetName=+3V3 Pin=U4-5
Change Component DesignItemId : Designator=U4 Old DesignItemId=CMP-0659-00001-1 New DesignItemId=LDO - XC6222B281MR-G
Change Component Footprint: Designator=U4 Old Footprint=TORX-SOT-25-5_L New Footprint=SOT25
Change Component Comment : Designator=U4 Old Comment=XC6222B331MR-G New Comment=LDO - XC6222B281MR-G
Change Component Description : Designator=U4 Old Description=High Speed LDO Regulator, 700 mA, 1.7 to 6.0 V, -40 to 85 degC, SOT-25 (MR-G), RoHS, Tape and Reel New Description=Linear Voltage Regulator IC 1 Output 700mA SOT-25
Change Component Library : Designator=U4 Old Library=Altium Content Vault New Library=Devices_SMD_plus_DIP.SchLib
Change Managed Component Library Link : Designator=U4 Old VaultGUID= New VaultGUID= Old ItemGUID=482700B5-6183-4F88-B3CD-7689B23E5AFB New ItemGUID= Old RevisionGUID=9BED23E7-6129-48A3-884F-C22050D6C0F9 New RevisionGUID=
Change component parameters: Designator = "U4" ("U4"); Footprint = "TORX-SOT-25-5_L"; UniqueID = "\ATLECIHT" ("\ATLECIHT")
Change component parameters (AddParameter): Name = "Availability"; Value = "Warning"; VariantName = "[No Variations]"
Change component parameters (AddParameter): Name = "Check_prices"; Value = "https://www.snapeda.com/parts/XC6222B281MR-G/Torex/view-part/1149890/?ref=eda"; VariantName = "[No Variations]"
Change component parameters (AddParameter): Name = "MF"; Value = "Torex"; VariantName = "[No Variations]"
Change component parameters (AddParameter): Name = "MP"; Value = "XC6222B281MR-G"; VariantName = "[No Variations]"
Change component parameters (AddParameter): Name = "Package"; Value = "SOT-753 Torex"; VariantName = "[No Variations]"
Change component parameters (AddParameter): Name = "Price"; Value = "None"; VariantName = "[No Variations]"
Change component parameters (AddParameter): Name = "Purchase-URL"; Value = "https://pricing.snapeda.com/search/part/XC6222B281MR-G/?ref=eda"; VariantName = "[No Variations]"
Change component parameters (AddParameter): Name = "SnapEDA_Link"; Value = "https://www.snapeda.com/parts/XC6222B281MR-G/Torex/view-part/1149890/?ref=snap"; VariantName = "[No Variations]"
Change component parameters (AddParameter): Name = "Value"; Value = ""; VariantName = "[No Variations]"
Added Component: Designator=J1(Header 2.54mm 2Pos 1Row)
Add component (AddParameter): Name = "LatestRevisionDate"; Value = "17-Jul-2002"; VariantName = "[No Variations]"
Add component (AddParameter): Name = "LatestRevisionNote"; Value = "Re-released for DXP Platform."; VariantName = "[No Variations]"
Add component (AddParameter): Name = "Publisher"; Value = "Altium Limited"; VariantName = "[No Variations]"
Added Component: Designator=J3(Header 2.54mm 2Pos 1Row)
Add component (AddParameter): Name = "LatestRevisionDate"; Value = "17-Jul-2002"; VariantName = "[No Variations]"
Add component (AddParameter): Name = "LatestRevisionNote"; Value = "Re-released for DXP Platform."; VariantName = "[No Variations]"
Add component (AddParameter): Name = "Publisher"; Value = "Altium Limited"; VariantName = "[No Variations]"
Added Pin To Net: NetName=GND Pin=J1-1
Added Pin To Net: NetName=+3V3 Pin=J1-2
Added Pin To Net: NetName=GND Pin=J3-1
Added Pin To Net: NetName=+BAT Pin=J3-2
Added Pin To Net: NetName=+BAT Pin=U4-P$1
Added Pin To Net: NetName=GND Pin=U4-P$2
Added Pin To Net: NetName=+BAT Pin=U4-P$3
Added Pin To Net: NetName=+3V3 Pin=U4-P$4
